Added Component: Designator=C1(LIC0813)
Add component (AddParameter): Name = "Class"; Value = "Ионистор"; VariantName = "[No Variations]"
Add component (AddParameter): Name = "Part Number"; Value = "LIC 0813 206"; VariantName = "[No Variations]"
Add component (AddParameter): Name = "Value"; Value = "20F 3.8V"; VariantName = "[No Variations]"
Add component (AddParameter): Name = "Код"; Value = "15"; VariantName = "[No Variations]"
Added Component: Designator=C2(CAP SMD0805)
Add component (AddParameter): Name = "Class"; Value = "Конденсатор неполярный SMD"; VariantName = "[No Variations]"
Add component (AddParameter): Name = "Part Number"; Value = "Cap 0805 0.1uF 50V"; VariantName = "[No Variations]"
Add component (AddParameter): Name = "Value"; Value = "0.1uF 50V"; VariantName = "[No Variations]"
Add component (AddParameter): Name = "Код"; Value = "42"; VariantName = "[No Variations]"
Added Component: Designator=C3(CAP SMD0805)
Add component (AddParameter): Name = "Class"; Value = "Конденсатор неполярный SMD"; VariantName = "[No Variations]"
Add component (AddParameter): Name = "Part Number"; Value = "Cap 0805 0.1uF 50V"; VariantName = "[No Variations]"
Add component (AddParameter): Name = "Value"; Value = "0.1uF 50V"; VariantName = "[No Variations]"
Add component (AddParameter): Name = "Код"; Value = "42"; VariantName = "[No Variations]"
Added Component: Designator=C4(CAP SMD0805)
Add component (AddParameter): Name = "Class"; Value = "Конденсатор неполярный SMD"; VariantName = "[No Variations]"
Add component (AddParameter): Name = "Part Number"; Value = "Cap 0805 0.1uF 50V"; VariantName = "[No Variations]"
Add component (AddParameter): Name = "Value"; Value = "0.1uF 50V"; VariantName = "[No Variations]"
Add component (AddParameter): Name = "Код"; Value = "42"; VariantName = "[No Variations]"
Added Component: Designator=DA1(SOT223)
Add component (AddParameter): Name = "Class"; Value = "Микросхема"; VariantName = "[No Variations]"
Add component (AddParameter): Name = "Part Number"; Value = "LM1117MP-3.3"; VariantName = "[No Variations]"
Add component (AddParameter): Name = "Value"; Value = "LM1117MP-3.3"; VariantName = "[No Variations]"
Add component (AddParameter): Name = "Код"; Value = "137"; VariantName = "[No Variations]"
Added Component: Designator=DD1(SO16W)
Add component (AddParameter): Name = "Class"; Value = "Микросхема"; VariantName = "[No Variations]"
Add component (AddParameter): Name = "Part Number"; Value = "DS3231SN"; VariantName = "[No Variations]"
Add component (AddParameter): Name = "Value"; Value = "DS3231SN"; VariantName = "[No Variations]"
Add component (AddParameter): Name = "Код"; Value = "8"; VariantName = "[No Variations]"
Add component (AddParameter): Name = "Поле9"; Value = "часы реального времени"; VariantName = "[No Variations]"
Added Component: Designator=R1(SMD 0805)
Add component (AddParameter): Name = "Class"; Value = "Резистор SMD"; VariantName = "[No Variations]"
Add component (AddParameter): Name = "Part Number"; Value = "Res 0805 30R 5%"; VariantName = "[No Variations]"
Add component (AddParameter): Name = "Value"; Value = "30R 5%"; VariantName = "[No Variations]"
Add component (AddParameter): Name = "Код"; Value = "1192"; VariantName = "[No Variations]"
Added Component: Designator=R2(SMD 0805)
Add component (AddParameter): Name = "Class"; Value = "Резистор SMD"; VariantName = "[No Variations]"
Add component (AddParameter): Name = "Part Number"; Value = "Res 0805 30R 5%"; VariantName = "[No Variations]"
Add component (AddParameter): Name = "Value"; Value = "30R 5%"; VariantName = "[No Variations]"
Add component (AddParameter): Name = "Код"; Value = "1192"; VariantName = "[No Variations]"
Added Component: Designator=R3(SMD 0805)
Add component (AddParameter): Name = "Class"; Value = "Резистор SMD"; VariantName = "[No Variations]"
Add component (AddParameter): Name = "Part Number"; Value = "Res 0805 3k3 5%"; VariantName = "[No Variations]"
Add component (AddParameter): Name = "Value"; Value = "3k3 5%"; VariantName = "[No Variations]"
Add component (AddParameter): Name = "Код"; Value = "1241"; VariantName = "[No Variations]"
Added Component: Designator=R4(SMD 0805)
Add component (AddParameter): Name = "Class"; Value = "Резистор SMD"; VariantName = "[No Variations]"
Add component (AddParameter): Name = "Part Number"; Value = "Res 0805 3k3 5%"; VariantName = "[No Variations]"
Add component (AddParameter): Name = "Value"; Value = "3k3 5%"; VariantName = "[No Variations]"
Add component (AddParameter): Name = "Код"; Value = "1241"; VariantName = "[No Variations]"
Added Component: Designator=SB1(KLS7-TS6601-4.3-180)
Add component (AddParameter): Name = "Class"; Value = "Кнопка тактовая"; VariantName = "[No Variations]"
Add component (AddParameter): Name = "Part Number"; Value = "KLS7-TS6601-4.3-180"; VariantName = "[No Variations]"
Add component (AddParameter): Name = "Value"; Value = "KLS7-TS6601-4.3-180"; VariantName = "[No Variations]"
Add component (AddParameter): Name = "Код"; Value = "2"; VariantName = "[No Variations]"
Added Component: Designator=SB2(KLS7-TS6601-4.3-180)
Add component (AddParameter): Name = "Class"; Value = "Кнопка тактовая"; VariantName = "[No Variations]"
Add component (AddParameter): Name = "Part Number"; Value = "KLS7-TS6601-4.3-180"; VariantName = "[No Variations]"
Add component (AddParameter): Name = "Value"; Value = "KLS7-TS6601-4.3-180"; VariantName = "[No Variations]"
Add component (AddParameter): Name = "Код"; Value = "2"; VariantName = "[No Variations]"
Added Component: Designator=SB3(KLS7-TS6601-4.3-180)
Add component (AddParameter): Name = "Class"; Value = "Кнопка тактовая"; VariantName = "[No Variations]"
Add component (AddParameter): Name = "Part Number"; Value = "KLS7-TS6601-4.3-180"; VariantName = "[No Variations]"
Add component (AddParameter): Name = "Value"; Value = "KLS7-TS6601-4.3-180"; VariantName = "[No Variations]"
Add component (AddParameter): Name = "Код"; Value = "2"; VariantName = "[No Variations]"
Added Component: Designator=VD1(MINIMELF)
Add component (AddParameter): Name = "Class"; Value = "Диоды"; VariantName = "[No Variations]"
Add component (AddParameter): Name = "Part Number"; Value = "LL4148"; VariantName = "[No Variations]"
Add component (AddParameter): Name = "Value"; Value = "LL4148"; VariantName = "[No Variations]"
Add component (AddParameter): Name = "Код"; Value = "12"; VariantName = "[No Variations]"
Added Component: Designator=VD2(SOT23_1A3C)
Add component (AddParameter): Name = "Class"; Value = "Стабилитроны"; VariantName = "[No Variations]"
Add component (AddParameter): Name = "Part Number"; Value = "BZX84C3V9"; VariantName = "[No Variations]"
Add component (AddParameter): Name = "Value"; Value = "BZX84C3V9"; VariantName = "[No Variations]"
Add component (AddParameter): Name = "Код"; Value = "6"; VariantName = "[No Variations]"
Added Component: Designator=XP1(CWF-02R-B)
Add component (AddParameter): Name = "Class"; Value = "Разъём"; VariantName = "[No Variations]"
Add component (AddParameter): Name = "Part Number"; Value = "CWF-02R-B"; VariantName = "[No Variations]"
Add component (AddParameter): Name = "Value"; Value = "CWF-02R-B"; VariantName = "[No Variations]"
Add component (AddParameter): Name = "Код"; Value = "346"; VariantName = "[No Variations]"
Add component (AddParameter): Name = "Поле9"; Value = "вилка угловая 2,50мм тип B"; VariantName = "[No Variations]"
Added Component: Designator=XS1(PBS-10)
Add component (AddParameter): Name = "Class"; Value = "Разъём"; VariantName = "[No Variations]"
Add component (AddParameter): Name = "Part Number"; Value = "PBS-10"; VariantName = "[No Variations]"
Add component (AddParameter): Name = "Value"; Value = "PBS-10"; VariantName = "[No Variations]"
Add component (AddParameter): Name = "Код"; Value = "126"; VariantName = "[No Variations]"
Add component (AddParameter): Name = "Поле9"; Value = "гнездо однорядное 2,54мм"; VariantName = "[No Variations]"
Added Component: Designator=XS2(PBS-10)
Add component (AddParameter): Name = "Class"; Value = "Разъём"; VariantName = "[No Variations]"
Add component (AddParameter): Name = "Part Number"; Value = "PBS-10"; VariantName = "[No Variations]"
Add component (AddParameter): Name = "Value"; Value = "PBS-10"; VariantName = "[No Variations]"
Add component (AddParameter): Name = "Код"; Value = "126"; VariantName = "[No Variations]"
Add component (AddParameter): Name = "Поле9"; Value = "гнездо однорядное 2,54мм"; VariantName = "[No Variations]"
Added Component: Designator=XS3(PBS-10)
Add component (AddParameter): Name = "Class"; Value = "Разъём"; VariantName = "[No Variations]"
Add component (AddParameter): Name = "Part Number"; Value = "PBS-10"; VariantName = "[No Variations]"
Add component (AddParameter): Name = "Value"; Value = "PBS-10"; VariantName = "[No Variations]"
Add component (AddParameter): Name = "Код"; Value = "126"; VariantName = "[No Variations]"
Add component (AddParameter): Name = "Поле9"; Value = "гнездо однорядное 2,54мм"; VariantName = "[No Variations]"
Added Component: Designator=XS4(PBS-04)
Add component (AddParameter): Name = "Class"; Value = "Разъём"; VariantName = "[No Variations]"
Add component (AddParameter): Name = "Part Number"; Value = "PBS-04"; VariantName = "[No Variations]"
Add component (AddParameter): Name = "Value"; Value = "PBS-04"; VariantName = "[No Variations]"
Add component (AddParameter): Name = "Код"; Value = "120"; VariantName = "[No Variations]"
Add component (AddParameter): Name = "Поле9"; Value = "гнездо однорядное 2,54мм"; VariantName = "[No Variations]"
Added Component: Designator=XS5(PBS-10)
Add component (AddParameter): Name = "Class"; Value = "Разъём"; VariantName = "[No Variations]"
Add component (AddParameter): Name = "Part Number"; Value = "PBS-10"; VariantName = "[No Variations]"
Add component (AddParameter): Name = "Value"; Value = "PBS-10"; VariantName = "[No Variations]"
Add component (AddParameter): Name = "Код"; Value = "126"; VariantName = "[No Variations]"
Add component (AddParameter): Name = "Поле9"; Value = "гнездо однорядное 2,54мм"; VariantName = "[No Variations]"
Added Pin To Net: NetName=3V3 Pin=DA1-2
Added Pin To Net: NetName=3V3 Pin=DA1-2
Added Pin To Net: NetName=3V3 Pin=DD1-2
Added Pin To Net: NetName=3V3 Pin=R3-2
Added Pin To Net: NetName=3V3 Pin=R4-2
Added Pin To Net: NetName=3V3 Pin=XS1-9
Added Pin To Net: NetName=3V3 Pin=XS3-2
Added Pin To Net: NetName=3V3 Pin=XS4-3
Added Net: Name=3V3
Added Pin To Net: NetName=5V Pin=DA1-3
Added Pin To Net: NetName=5V Pin=VD1-A
Added Pin To Net: NetName=5V Pin=XP1-2
Added Net: Name=5V
Added Pin To Net: NetName=BUT1 Pin=C2-1
Added Pin To Net: NetName=BUT1 Pin=SB1-2
Added Net: Name=BUT1
Added Pin To Net: NetName=BUT2 Pin=C3-1
Added Pin To Net: NetName=BUT2 Pin=SB2-2
Added Net: Name=BUT2
Added Pin To Net: NetName=BUT3 Pin=C4-1
Added Pin To Net: NetName=BUT3 Pin=SB3-2
Added Net: Name=BUT3
Added Pin To Net: NetName=GND Pin=C1-2
Added Pin To Net: NetName=GND Pin=C2-2
Added Pin To Net: NetName=GND Pin=C3-2
Added Pin To Net: NetName=GND Pin=C4-2
Added Pin To Net: NetName=GND Pin=DA1-1
Added Pin To Net: NetName=GND Pin=DD1-13
Added Pin To Net: NetName=GND Pin=SB1-4
Added Pin To Net: NetName=GND Pin=SB2-4
Added Pin To Net: NetName=GND Pin=SB3-4
Added Pin To Net: NetName=GND Pin=VD2-A
Added Pin To Net: NetName=GND Pin=XP1-1
Added Pin To Net: NetName=GND Pin=XS1-7
Added Pin To Net: NetName=GND Pin=XS4-4
Added Pin To Net: NetName=GND Pin=XS5-4
Added Net: Name=GND
Added Pin To Net: NetName=NetR1_1 Pin=R1-1
Added Pin To Net: NetName=NetR1_1 Pin=R2-1
Added Pin To Net: NetName=NetR1_1 Pin=VD1-C
Added Net: Name=NetR1_1
Added Pin To Net: NetName=SCL Pin=DD1-16
Added Pin To Net: NetName=SCL Pin=R3-1
Added Pin To Net: NetName=SCL Pin=XS2-9
Added Pin To Net: NetName=SCL Pin=XS4-2
Added Pin To Net: NetName=SCL Pin=XS5-1
Added Net: Name=SCL
Added Pin To Net: NetName=SDA Pin=DD1-15
Added Pin To Net: NetName=SDA Pin=R4-1
Added Pin To Net: NetName=SDA Pin=XS2-10
Added Pin To Net: NetName=SDA Pin=XS4-1
Added Pin To Net: NetName=SDA Pin=XS5-2
Added Net: Name=SDA
Added Pin To Net: NetName=VBAT Pin=C1-1
Added Pin To Net: NetName=VBAT Pin=DD1-14
Added Pin To Net: NetName=VBAT Pin=R1-2
Added Pin To Net: NetName=VBAT Pin=R2-2
Added Pin To Net: NetName=VBAT Pin=VD2-C
Added Pin To Net: NetName=VBAT Pin=XS5-3
Added Net: Name=VBAT
Added Class: Name=Sheet1
Added Rule: Name=Schematic Supply Nets
Added Rule: Name=Schematic Supply Nets_1
Added Rule: Name=Schematic Supply Nets_2
